<?xml version="1.0" encoding="UTF-8"?>
<testsuite xmlns:xsi="http://www.w3.org/2001/XMLSchema-instance" xsi:noNamespaceSchemaLocation="https://maven.apache.org/surefire/maven-surefire-plugin/xsd/surefire-test-report-3.0.xsd" version="3.0" name="service.SecurityServiceTest" time="0.564" tests="21" errors="0" skipped="0" failures="0">
  <properties>
    <property name="java.specification.version" value="16"/>
    <property name="sun.cpu.isalist" value="amd64"/>
    <property name="sun.jnu.encoding" value="GBK"/>
    <property name="java.class.path" value="D:\Users\yings\OneDrive\coding_stuff\Udacity_Java\udasecurity\security\target\test-classes;C:\Users\yings\.m2\repository\software\amazon\awssdk\annotations\2.17.79\annotations-2.17.79.jar;C:\Users\yings\.m2\repository\software\amazon\awssdk\utils\2.17.79\utils-2.17.79.jar;C:\Users\yings\.m2\repository\org\reactivestreams\reactive-streams\1.0.3\reactive-streams-1.0.3.jar;C:\Users\yings\.m2\repository\software\amazon\awssdk\profiles\2.17.79\profiles-2.17.79.jar;C:\Users\yings\.m2\repository\software\amazon\awssdk\http-client-spi\2.17.79\http-client-spi-2.17.79.jar;C:\Users\yings\.m2\repository\software\amazon\awssdk\json-utils\2.17.79\json-utils-2.17.79.jar;C:\Users\yings\.m2\repository\software\amazon\awssdk\third-party-jackson-core\2.17.79\third-party-jackson-core-2.17.79.jar;C:\Users\yings\.m2\repository\software\amazon\eventstream\eventstream\1.0.1\eventstream-1.0.1.jar;C:\Users\yings\.m2\repository\software\amazon\awssdk\servicecatalog\2.17.79\servicecatalog-2.17.79.jar;C:\Users\yings\.m2\repository\software\amazon\awssdk\aws-json-protocol\2.17.79\aws-json-protocol-2.17.79.jar;C:\Users\yings\.m2\repository\software\amazon\awssdk\protocol-core\2.17.79\protocol-core-2.17.79.jar;C:\Users\yings\.m2\repository\software\amazon\awssdk\aws-core\2.17.79\aws-core-2.17.79.jar;C:\Users\yings\.m2\repository\software\amazon\awssdk\metrics-spi\2.17.79\metrics-spi-2.17.79.jar;C:\Users\yings\.m2\repository\software\amazon\awssdk\apache-client\2.17.79\apache-client-2.17.79.jar;C:\Users\yings\.m2\repository\org\apache\httpcomponents\httpclient\4.5.13\httpclient-4.5.13.jar;C:\Users\yings\.m2\repository\commons-logging\commons-logging\1.2\commons-logging-1.2.jar;C:\Users\yings\.m2\repository\commons-codec\commons-codec\1.11\commons-codec-1.11.jar;C:\Users\yings\.m2\repository\org\apache\httpcomponents\httpcore\4.4.11\httpcore-4.4.11.jar;C:\Users\yings\.m2\repository\software\amazon\awssdk\netty-nio-client\2.17.79\netty-nio-client-2.17.79.jar;C:\Users\yings\.m2\repository\io\netty\netty-codec-http\4.1.68.Final\netty-codec-http-4.1.68.Final.jar;C:\Users\yings\.m2\repository\io\netty\netty-codec-http2\4.1.68.Final\netty-codec-http2-4.1.68.Final.jar;C:\Users\yings\.m2\repository\io\netty\netty-codec\4.1.68.Final\netty-codec-4.1.68.Final.jar;C:\Users\yings\.m2\repository\io\netty\netty-transport\4.1.68.Final\netty-transport-4.1.68.Final.jar;C:\Users\yings\.m2\repository\io\netty\netty-resolver\4.1.68.Final\netty-resolver-4.1.68.Final.jar;C:\Users\yings\.m2\repository\io\netty\netty-common\4.1.68.Final\netty-common-4.1.68.Final.jar;C:\Users\yings\.m2\repository\io\netty\netty-buffer\4.1.68.Final\netty-buffer-4.1.68.Final.jar;C:\Users\yings\.m2\repository\io\netty\netty-handler\4.1.68.Final\netty-handler-4.1.68.Final.jar;C:\Users\yings\.m2\repository\io\netty\netty-transport-native-epoll\4.1.68.Final\netty-transport-native-epoll-4.1.68.Final-linux-x86_64.jar;C:\Users\yings\.m2\repository\io\netty\netty-transport-native-unix-common\4.1.68.Final\netty-transport-native-unix-common-4.1.68.Final.jar;C:\Users\yings\.m2\repository\com\typesafe\netty\netty-reactive-streams-http\2.0.5\netty-reactive-streams-http-2.0.5.jar;C:\Users\yings\.m2\repository\com\typesafe\netty\netty-reactive-streams\2.0.5\netty-reactive-streams-2.0.5.jar;C:\Users\yings\.m2\repository\org\mockito\mockito-junit-jupiter\4.0.0\mockito-junit-jupiter-4.0.0.jar;C:\Users\yings\.m2\repository\org\mockito\mockito-core\4.0.0\mockito-core-4.0.0.jar;C:\Users\yings\.m2\repository\net\bytebuddy\byte-buddy\1.11.19\byte-buddy-1.11.19.jar;C:\Users\yings\.m2\repository\net\bytebuddy\byte-buddy-agent\1.11.19\byte-buddy-agent-1.11.19.jar;C:\Users\yings\.m2\repository\org\objenesis\objenesis\3.2\objenesis-3.2.jar;C:\Users\yings\.m2\repository\org\junit\jupiter\junit-jupiter-api\5.8.1\junit-jupiter-api-5.8.1.jar;C:\Users\yings\.m2\repository\org\opentest4j\opentest4j\1.2.0\opentest4j-1.2.0.jar;C:\Users\yings\.m2\repository\org\junit\platform\junit-platform-commons\1.8.1\junit-platform-commons-1.8.1.jar;C:\Users\yings\.m2\repository\org\junit\jupiter\junit-jupiter-params\5.8.1\junit-jupiter-params-5.8.1.jar;C:\Users\yings\.m2\repository\org\apiguardian\apiguardian-api\1.1.2\apiguardian-api-1.1.2.jar;C:\Users\yings\.m2\repository\com\google\guava\failureaccess\1.0.1\failureaccess-1.0.1.jar;C:\Users\yings\.m2\repository\com\google\guava\listenablefuture\9999.0-empty-to-avoid-conflict-with-guava\listenablefuture-9999.0-empty-to-avoid-conflict-with-guava.jar;C:\Users\yings\.m2\repository\com\google\code\findbugs\jsr305\3.0.2\jsr305-3.0.2.jar;C:\Users\yings\.m2\repository\org\checkerframework\checker-qual\3.12.0\checker-qual-3.12.0.jar;C:\Users\yings\.m2\repository\com\google\errorprone\error_prone_annotations\2.7.1\error_prone_annotations-2.7.1.jar;C:\Users\yings\.m2\repository\com\google\j2objc\j2objc-annotations\1.3\j2objc-annotations-1.3.jar;"/>
    <property name="java.vm.vendor" value="Oracle Corporation"/>
    <property name="sun.arch.data.model" value="64"/>
    <property name="user.variant" value=""/>
    <property name="java.vendor.url" value="https://java.oracle.com/"/>
    <property name="user.timezone" value="America/Los_Angeles"/>
    <property name="os.name" value="Windows 10"/>
    <property name="java.vm.specification.version" value="16"/>
    <property name="sun.java.launcher" value="SUN_STANDARD"/>
    <property name="user.country" value="US"/>
    <property name="sun.boot.library.path" value="C:\Program Files\Java\jdk-16.0.1\bin"/>
    <property name="sun.java.command" value="org.apache.maven.surefire.booter.ForkedBooter C:\Users\yings\AppData\Local\Temp\surefire8276275023569483287 2021-11-14T11-27-44_331-jvmRun1 surefire3528036781032864833tmp surefire_010777623901729678438tmp"/>
    <property name="jdk.debug" value="release"/>
    <property name="surefire.test.class.path" value="D:\Users\yings\OneDrive\coding_stuff\Udacity_Java\udasecurity\security\target\test-classes;C:\Users\yings\.m2\repository\software\amazon\awssdk\annotations\2.17.79\annotations-2.17.79.jar;C:\Users\yings\.m2\repository\software\amazon\awssdk\utils\2.17.79\utils-2.17.79.jar;C:\Users\yings\.m2\repository\org\reactivestreams\reactive-streams\1.0.3\reactive-streams-1.0.3.jar;C:\Users\yings\.m2\repository\software\amazon\awssdk\profiles\2.17.79\profiles-2.17.79.jar;C:\Users\yings\.m2\repository\software\amazon\awssdk\http-client-spi\2.17.79\http-client-spi-2.17.79.jar;C:\Users\yings\.m2\repository\software\amazon\awssdk\json-utils\2.17.79\json-utils-2.17.79.jar;C:\Users\yings\.m2\repository\software\amazon\awssdk\third-party-jackson-core\2.17.79\third-party-jackson-core-2.17.79.jar;C:\Users\yings\.m2\repository\software\amazon\eventstream\eventstream\1.0.1\eventstream-1.0.1.jar;C:\Users\yings\.m2\repository\software\amazon\awssdk\servicecatalog\2.17.79\servicecatalog-2.17.79.jar;C:\Users\yings\.m2\repository\software\amazon\awssdk\aws-json-protocol\2.17.79\aws-json-protocol-2.17.79.jar;C:\Users\yings\.m2\repository\software\amazon\awssdk\protocol-core\2.17.79\protocol-core-2.17.79.jar;C:\Users\yings\.m2\repository\software\amazon\awssdk\aws-core\2.17.79\aws-core-2.17.79.jar;C:\Users\yings\.m2\repository\software\amazon\awssdk\metrics-spi\2.17.79\metrics-spi-2.17.79.jar;C:\Users\yings\.m2\repository\software\amazon\awssdk\apache-client\2.17.79\apache-client-2.17.79.jar;C:\Users\yings\.m2\repository\org\apache\httpcomponents\httpclient\4.5.13\httpclient-4.5.13.jar;C:\Users\yings\.m2\repository\commons-logging\commons-logging\1.2\commons-logging-1.2.jar;C:\Users\yings\.m2\repository\commons-codec\commons-codec\1.11\commons-codec-1.11.jar;C:\Users\yings\.m2\repository\org\apache\httpcomponents\httpcore\4.4.11\httpcore-4.4.11.jar;C:\Users\yings\.m2\repository\software\amazon\awssdk\netty-nio-client\2.17.79\netty-nio-client-2.17.79.jar;C:\Users\yings\.m2\repository\io\netty\netty-codec-http\4.1.68.Final\netty-codec-http-4.1.68.Final.jar;C:\Users\yings\.m2\repository\io\netty\netty-codec-http2\4.1.68.Final\netty-codec-http2-4.1.68.Final.jar;C:\Users\yings\.m2\repository\io\netty\netty-codec\4.1.68.Final\netty-codec-4.1.68.Final.jar;C:\Users\yings\.m2\repository\io\netty\netty-transport\4.1.68.Final\netty-transport-4.1.68.Final.jar;C:\Users\yings\.m2\repository\io\netty\netty-resolver\4.1.68.Final\netty-resolver-4.1.68.Final.jar;C:\Users\yings\.m2\repository\io\netty\netty-common\4.1.68.Final\netty-common-4.1.68.Final.jar;C:\Users\yings\.m2\repository\io\netty\netty-buffer\4.1.68.Final\netty-buffer-4.1.68.Final.jar;C:\Users\yings\.m2\repository\io\netty\netty-handler\4.1.68.Final\netty-handler-4.1.68.Final.jar;C:\Users\yings\.m2\repository\io\netty\netty-transport-native-epoll\4.1.68.Final\netty-transport-native-epoll-4.1.68.Final-linux-x86_64.jar;C:\Users\yings\.m2\repository\io\netty\netty-transport-native-unix-common\4.1.68.Final\netty-transport-native-unix-common-4.1.68.Final.jar;C:\Users\yings\.m2\repository\com\typesafe\netty\netty-reactive-streams-http\2.0.5\netty-reactive-streams-http-2.0.5.jar;C:\Users\yings\.m2\repository\com\typesafe\netty\netty-reactive-streams\2.0.5\netty-reactive-streams-2.0.5.jar;C:\Users\yings\.m2\repository\org\mockito\mockito-junit-jupiter\4.0.0\mockito-junit-jupiter-4.0.0.jar;C:\Users\yings\.m2\repository\org\mockito\mockito-core\4.0.0\mockito-core-4.0.0.jar;C:\Users\yings\.m2\repository\net\bytebuddy\byte-buddy\1.11.19\byte-buddy-1.11.19.jar;C:\Users\yings\.m2\repository\net\bytebuddy\byte-buddy-agent\1.11.19\byte-buddy-agent-1.11.19.jar;C:\Users\yings\.m2\repository\org\objenesis\objenesis\3.2\objenesis-3.2.jar;C:\Users\yings\.m2\repository\org\junit\jupiter\junit-jupiter-api\5.8.1\junit-jupiter-api-5.8.1.jar;C:\Users\yings\.m2\repository\org\opentest4j\opentest4j\1.2.0\opentest4j-1.2.0.jar;C:\Users\yings\.m2\repository\org\junit\platform\junit-platform-commons\1.8.1\junit-platform-commons-1.8.1.jar;C:\Users\yings\.m2\repository\org\junit\jupiter\junit-jupiter-params\5.8.1\junit-jupiter-params-5.8.1.jar;C:\Users\yings\.m2\repository\org\apiguardian\apiguardian-api\1.1.2\apiguardian-api-1.1.2.jar;C:\Users\yings\.m2\repository\com\google\guava\failureaccess\1.0.1\failureaccess-1.0.1.jar;C:\Users\yings\.m2\repository\com\google\guava\listenablefuture\9999.0-empty-to-avoid-conflict-with-guava\listenablefuture-9999.0-empty-to-avoid-conflict-with-guava.jar;C:\Users\yings\.m2\repository\com\google\code\findbugs\jsr305\3.0.2\jsr305-3.0.2.jar;C:\Users\yings\.m2\repository\org\checkerframework\checker-qual\3.12.0\checker-qual-3.12.0.jar;C:\Users\yings\.m2\repository\com\google\errorprone\error_prone_annotations\2.7.1\error_prone_annotations-2.7.1.jar;C:\Users\yings\.m2\repository\com\google\j2objc\j2objc-annotations\1.3\j2objc-annotations-1.3.jar;"/>
    <property name="sun.cpu.endian" value="little"/>
    <property name="user.home" value="C:\Users\yings"/>
    <property name="user.language" value="en"/>
    <property name="java.specification.vendor" value="Oracle Corporation"/>
    <property name="jdk.module.path" value="D:\Users\yings\OneDrive\coding_stuff\Udacity_Java\udasecurity\security\target\classes;C:\Users\yings\.m2\repository\org\example\image\1.0-SNAPSHOT\image-1.0-SNAPSHOT.jar;C:\Users\yings\.m2\repository\software\amazon\awssdk\auth\2.17.79\auth-2.17.79.jar;C:\Users\yings\.m2\repository\software\amazon\awssdk\sdk-core\2.17.79\sdk-core-2.17.79.jar;C:\Users\yings\.m2\repository\software\amazon\awssdk\regions\2.17.79\regions-2.17.79.jar;C:\Users\yings\.m2\repository\software\amazon\awssdk\rekognition\2.17.79\rekognition-2.17.79.jar;C:\Users\yings\.m2\repository\org\slf4j\slf4j-api\2.0.0-alpha5\slf4j-api-2.0.0-alpha5.jar;C:\Users\yings\.m2\repository\com\miglayout\miglayout\3.7.4\miglayout-3.7.4.jar;C:\Users\yings\.m2\repository\com\google\guava\guava\31.0.1-jre\guava-31.0.1-jre.jar;C:\Users\yings\.m2\repository\com\google\code\gson\gson\2.8.9\gson-2.8.9.jar"/>
    <property name="java.version.date" value="2021-04-20"/>
    <property name="java.home" value="C:\Program Files\Java\jdk-16.0.1"/>
    <property name="file.separator" value="\"/>
    <property name="basedir" value="D:\Users\yings\OneDrive\coding_stuff\Udacity_Java\udasecurity\security"/>
    <property name="java.vm.compressedOopsMode" value="Zero based"/>
    <property name="line.separator" value="&#10;"/>
    <property name="java.vm.specification.vendor" value="Oracle Corporation"/>
    <property name="java.specification.name" value="Java Platform API Specification"/>
    <property name="surefire.real.class.path" value="C:\Users\yings\.m2\repository\org\apache\maven\surefire\surefire-booter\3.0.0-M5\surefire-booter-3.0.0-M5.jar;C:\Users\yings\.m2\repository\org\apache\maven\surefire\surefire-api\3.0.0-M5\surefire-api-3.0.0-M5.jar;C:\Users\yings\.m2\repository\org\apache\maven\surefire\surefire-logger-api\3.0.0-M5\surefire-logger-api-3.0.0-M5.jar;C:\Users\yings\.m2\repository\org\apache\maven\surefire\surefire-shared-utils\3.0.0-M4\surefire-shared-utils-3.0.0-M4.jar;C:\Users\yings\.m2\repository\org\apache\maven\surefire\surefire-extensions-spi\3.0.0-M5\surefire-extensions-spi-3.0.0-M5.jar;D:\Users\yings\OneDrive\coding_stuff\Udacity_Java\udasecurity\security\target\test-classes;C:\Users\yings\.m2\repository\software\amazon\awssdk\annotations\2.17.79\annotations-2.17.79.jar;C:\Users\yings\.m2\repository\software\amazon\awssdk\utils\2.17.79\utils-2.17.79.jar;C:\Users\yings\.m2\repository\org\reactivestreams\reactive-streams\1.0.3\reactive-streams-1.0.3.jar;C:\Users\yings\.m2\repository\software\amazon\awssdk\profiles\2.17.79\profiles-2.17.79.jar;C:\Users\yings\.m2\repository\software\amazon\awssdk\http-client-spi\2.17.79\http-client-spi-2.17.79.jar;C:\Users\yings\.m2\repository\software\amazon\awssdk\json-utils\2.17.79\json-utils-2.17.79.jar;C:\Users\yings\.m2\repository\software\amazon\awssdk\third-party-jackson-core\2.17.79\third-party-jackson-core-2.17.79.jar;C:\Users\yings\.m2\repository\software\amazon\eventstream\eventstream\1.0.1\eventstream-1.0.1.jar;C:\Users\yings\.m2\repository\software\amazon\awssdk\servicecatalog\2.17.79\servicecatalog-2.17.79.jar;C:\Users\yings\.m2\repository\software\amazon\awssdk\aws-json-protocol\2.17.79\aws-json-protocol-2.17.79.jar;C:\Users\yings\.m2\repository\software\amazon\awssdk\protocol-core\2.17.79\protocol-core-2.17.79.jar;C:\Users\yings\.m2\repository\software\amazon\awssdk\aws-core\2.17.79\aws-core-2.17.79.jar;C:\Users\yings\.m2\repository\software\amazon\awssdk\metrics-spi\2.17.79\metrics-spi-2.17.79.jar;C:\Users\yings\.m2\repository\software\amazon\awssdk\apache-client\2.17.79\apache-client-2.17.79.jar;C:\Users\yings\.m2\repository\org\apache\httpcomponents\httpclient\4.5.13\httpclient-4.5.13.jar;C:\Users\yings\.m2\repository\commons-logging\commons-logging\1.2\commons-logging-1.2.jar;C:\Users\yings\.m2\repository\commons-codec\commons-codec\1.11\commons-codec-1.11.jar;C:\Users\yings\.m2\repository\org\apache\httpcomponents\httpcore\4.4.11\httpcore-4.4.11.jar;C:\Users\yings\.m2\repository\software\amazon\awssdk\netty-nio-client\2.17.79\netty-nio-client-2.17.79.jar;C:\Users\yings\.m2\repository\io\netty\netty-codec-http\4.1.68.Final\netty-codec-http-4.1.68.Final.jar;C:\Users\yings\.m2\repository\io\netty\netty-codec-http2\4.1.68.Final\netty-codec-http2-4.1.68.Final.jar;C:\Users\yings\.m2\repository\io\netty\netty-codec\4.1.68.Final\netty-codec-4.1.68.Final.jar;C:\Users\yings\.m2\repository\io\netty\netty-transport\4.1.68.Final\netty-transport-4.1.68.Final.jar;C:\Users\yings\.m2\repository\io\netty\netty-resolver\4.1.68.Final\netty-resolver-4.1.68.Final.jar;C:\Users\yings\.m2\repository\io\netty\netty-common\4.1.68.Final\netty-common-4.1.68.Final.jar;C:\Users\yings\.m2\repository\io\netty\netty-buffer\4.1.68.Final\netty-buffer-4.1.68.Final.jar;C:\Users\yings\.m2\repository\io\netty\netty-handler\4.1.68.Final\netty-handler-4.1.68.Final.jar;C:\Users\yings\.m2\repository\io\netty\netty-transport-native-epoll\4.1.68.Final\netty-transport-native-epoll-4.1.68.Final-linux-x86_64.jar;C:\Users\yings\.m2\repository\io\netty\netty-transport-native-unix-common\4.1.68.Final\netty-transport-native-unix-common-4.1.68.Final.jar;C:\Users\yings\.m2\repository\com\typesafe\netty\netty-reactive-streams-http\2.0.5\netty-reactive-streams-http-2.0.5.jar;C:\Users\yings\.m2\repository\com\typesafe\netty\netty-reactive-streams\2.0.5\netty-reactive-streams-2.0.5.jar;C:\Users\yings\.m2\repository\org\mockito\mockito-junit-jupiter\4.0.0\mockito-junit-jupiter-4.0.0.jar;C:\Users\yings\.m2\repository\org\mockito\mockito-core\4.0.0\mockito-core-4.0.0.jar;C:\Users\yings\.m2\repository\net\bytebuddy\byte-buddy\1.11.19\byte-buddy-1.11.19.jar;C:\Users\yings\.m2\repository\net\bytebuddy\byte-buddy-agent\1.11.19\byte-buddy-agent-1.11.19.jar;C:\Users\yings\.m2\repository\org\objenesis\objenesis\3.2\objenesis-3.2.jar;C:\Users\yings\.m2\repository\org\junit\jupiter\junit-jupiter-api\5.8.1\junit-jupiter-api-5.8.1.jar;C:\Users\yings\.m2\repository\org\opentest4j\opentest4j\1.2.0\opentest4j-1.2.0.jar;C:\Users\yings\.m2\repository\org\junit\platform\junit-platform-commons\1.8.1\junit-platform-commons-1.8.1.jar;C:\Users\yings\.m2\repository\org\junit\jupiter\junit-jupiter-params\5.8.1\junit-jupiter-params-5.8.1.jar;C:\Users\yings\.m2\repository\org\apiguardian\apiguardian-api\1.1.2\apiguardian-api-1.1.2.jar;C:\Users\yings\.m2\repository\com\google\guava\failureaccess\1.0.1\failureaccess-1.0.1.jar;C:\Users\yings\.m2\repository\com\google\guava\listenablefuture\9999.0-empty-to-avoid-conflict-with-guava\listenablefuture-9999.0-empty-to-avoid-conflict-with-guava.jar;C:\Users\yings\.m2\repository\com\google\code\findbugs\jsr305\3.0.2\jsr305-3.0.2.jar;C:\Users\yings\.m2\repository\org\checkerframework\checker-qual\3.12.0\checker-qual-3.12.0.jar;C:\Users\yings\.m2\repository\com\google\errorprone\error_prone_annotations\2.7.1\error_prone_annotations-2.7.1.jar;C:\Users\yings\.m2\repository\com\google\j2objc\j2objc-annotations\1.3\j2objc-annotations-1.3.jar;C:\Users\yings\.m2\repository\org\apache\maven\surefire\surefire-junit-platform\3.0.0-M5\surefire-junit-platform-3.0.0-M5.jar;C:\Users\yings\.m2\repository\org\apache\maven\surefire\common-java5\3.0.0-M5\common-java5-3.0.0-M5.jar;C:\Users\yings\.m2\repository\org\junit\platform\junit-platform-launcher\1.8.1\junit-platform-launcher-1.8.1.jar;C:\Users\yings\.m2\repository\org\junit\platform\junit-platform-engine\1.8.1\junit-platform-engine-1.8.1.jar;C:\Users\yings\.m2\repository\org\junit\jupiter\junit-jupiter-engine\5.8.1\junit-jupiter-engine-5.8.1.jar"/>
    <property name="user.script" value=""/>
    <property name="sun.management.compiler" value="HotSpot 64-Bit Tiered Compilers"/>
    <property name="java.runtime.version" value="16.0.1+9-24"/>
    <property name="user.name" value="yings"/>
    <property name="path.separator" value=";"/>
    <property name="os.version" value="10.0"/>
    <property name="java.runtime.name" value="Java(TM) SE Runtime Environment"/>
    <property name="file.encoding" value="Cp1252"/>
    <property name="java.vm.name" value="Java HotSpot(TM) 64-Bit Server VM"/>
    <property name="localRepository" value="C:\Users\yings\.m2\repository"/>
    <property name="java.vendor.url.bug" value="https://bugreport.java.com/bugreport/"/>
    <property name="java.io.tmpdir" value="C:\Users\yings\AppData\Local\Temp\"/>
    <property name="idea.version" value="2021.2"/>
    <property name="java.version" value="16.0.1"/>
    <property name="user.dir" value="D:\Users\yings\OneDrive\coding_stuff\Udacity_Java\udasecurity\security"/>
    <property name="os.arch" value="amd64"/>
    <property name="java.vm.specification.name" value="Java Virtual Machine Specification"/>
    <property name="sun.os.patch.level" value=""/>
    <property name="java.library.path" value="C:\Program Files\Java\jdk-16.0.1\bin;C:\WINDOWS\Sun\Java\bin;C:\WINDOWS\system32;C:\WINDOWS;C:\Program Files\Common Files\Oracle\Java\javapath;C:\Program Files (x86)\Common Files\Oracle\Java\javapath;C:\WINDOWS\system32;C:\WINDOWS;C:\WINDOWS\System32\Wbem;C:\WINDOWS\System32\WindowsPowerShell\v1.0\;C:\WINDOWS\System32\OpenSSH\;D:\Program Files\PuTTY\;D:\Program Files\MATLAB\R2020a\bin;C:\Program Files (x86)\NVIDIA Corporation\PhysX\Common;C:\Program Files\NVIDIA Corporation\NVIDIA NvDLISR;C:\WINDOWS\system32;C:\WINDOWS;C:\WINDOWS\System32\Wbem;C:\WINDOWS\System32\WindowsPowerShell\v1.0\;C:\WINDOWS\System32\OpenSSH\;D:\Program Files (x86)\AOMEI\AOMEI Backupper\6.5.0;C:\Program Files\Microsoft SQL Server\Client SDK\ODBC\170\Tools\Binn\;C:\Program Files\Git\cmd;C:\Program Files\PowerShell\7\;C:\Program Files\apache-maven-3.8.3\apache-maven\src\bin;C:\Users\yings\AppData\Local\Microsoft\WindowsApps;C:\Program Files\JetBrains\IntelliJ IDEA Community Edition 2021.2\bin;;C:\Program Files\Java\jdk-16.0.1\bin;C:\Program Files\apache-maven-3.8.3\bin;C:\Users\yings\AppData\Local\GitHubDesktop\bin;."/>
    <property name="java.vm.info" value="mixed mode"/>
    <property name="java.vendor" value="Oracle Corporation"/>
    <property name="java.vm.version" value="16.0.1+9-24"/>
    <property name="sun.io.unicode.encoding" value="UnicodeLittle"/>
    <property name="java.class.version" value="60.0"/>
  </properties>
  <testcase name="isSensorDeactivatedWhileAreadyInactive_shouldNotChangeAlarmState(AlarmStatus)[1]" classname="service.SecurityServiceTest" time="0.372"/>
  <testcase name="isSensorDeactivatedWhileAreadyInactive_shouldNotChangeAlarmState(AlarmStatus)[2]" classname="service.SecurityServiceTest" time="0.002"/>
  <testcase name="isSensorDeactivatedWhileAreadyInactive_shouldNotChangeAlarmState(AlarmStatus)[3]" classname="service.SecurityServiceTest" time="0.001"/>
  <testcase name="testAddAndRemoveStatusListener" classname="service.SecurityServiceTest" time="0.001"/>
  <testcase name="testAddAndRemoveSensor" classname="service.SecurityServiceTest" time="0.001"/>
  <testcase name="isArmedAndSensorActivatedAndIsPending_setAlarmToAlarm" classname="service.SecurityServiceTest" time="0.007"/>
  <testcase name="isArmingDisarmedAndAlarmOn_shouldHandleSensor" classname="service.SecurityServiceTest" time="0.002"/>
  <testcase name="systemIsDisarmed_setStatusToNoAlarm" classname="service.SecurityServiceTest" time="0.001"/>
  <testcase name="isAlarmActive_shouldChangeSensorStateNotAffectAlarmState(boolean)[1]" classname="service.SecurityServiceTest" time="0.001"/>
  <testcase name="isAlarmActive_shouldChangeSensorStateNotAffectAlarmState(boolean)[2]" classname="service.SecurityServiceTest" time="0.002"/>
  <testcase name="systemIsArmedHome_idendifiedCat_setAlarmStatusToAlarm" classname="service.SecurityServiceTest" time="0.061"/>
  <testcase name="isSensorActive_shouldChangeSensorStateNotAffectAlarmState" classname="service.SecurityServiceTest" time="0.002"/>
  <testcase name="systemIsArmed_resetAllSensorsToInactive(ArmingStatus)[1]" classname="service.SecurityServiceTest" time="0.007"/>
  <testcase name="systemIsArmed_resetAllSensorsToInactive(ArmingStatus)[2]" classname="service.SecurityServiceTest" time="0.004"/>
  <testcase name="isArmedAndSensorActivated_setSystemToPendingAlarmStatus" classname="service.SecurityServiceTest" time="0.001"/>
  <testcase name="testSetArmingStatus(ArmingStatus)[1]" classname="service.SecurityServiceTest" time="0.001"/>
  <testcase name="testSetArmingStatus(ArmingStatus)[2]" classname="service.SecurityServiceTest" time="0"/>
  <testcase name="testSetArmingStatus(ArmingStatus)[3]" classname="service.SecurityServiceTest" time="0.001"/>
  <testcase name="isPendingAlarmAndAllSensorsInactive_returnNoAlarmState" classname="service.SecurityServiceTest" time="0.003"/>
  <testcase name="catImageIdentified_changeSystemToAlarmStatus" classname="service.SecurityServiceTest" time="0.001"/>
  <testcase name="noCatImageIdentified_changeSystemToNoAlarm_shouldSensorsBeNotActive" classname="service.SecurityServiceTest" time="0.001"/>
</testsuite>